TN:
SF:src/MerkleProof.sol
DA:30,19
FN:30,MerkleProof.verify
FNDA:19,MerkleProof.verify
DA:35,19
DA:49,19
FN:49,MerkleProof.processProof
FNDA:19,MerkleProof.processProof
DA:55,19
DA:56,19
BRDA:56,0,0,2
DA:59,17
DA:61,17
DA:62,155
BRDA:62,1,0,73
BRDA:62,1,1,82
DA:65,73
DA:66,73
DA:67,73
DA:68,73
DA:73,82
DA:74,82
DA:75,82
DA:76,82
DA:80,17
FNF:2
FNH:2
LF:17
LH:17
BRF:3
BRH:3
end_of_record
TN:
SF:src/RelationshipV2.sol
DA:64,652
FN:64,RelationshipV2.getKey
FNDA:652,RelationshipV2.getKey
DA:68,652
DA:69,652
DA:70,652
DA:85,158
FN:85,RelationshipV2.push
FNDA:158,RelationshipV2.push
DA:86,158
DA:87,158
DA:98,42
FN:98,RelationshipV2.upperLookup
FNDA:42,RelationshipV2.upperLookup
DA:99,42
DA:100,42
DA:110,204
FN:110,RelationshipV2.latest
FNDA:204,RelationshipV2.latest
DA:111,204
DA:112,204
DA:125,160
FN:125,RelationshipV2.encode
FNDA:160,RelationshipV2.encode
DA:126,160
DA:127,160
DA:128,160
DA:139,247
FN:139,RelationshipV2.decode
FNDA:247,RelationshipV2.decode
DA:140,247
DA:141,247
DA:142,247
DA:143,247
FNF:6
FNH:6
LF:22
LH:22
BRF:0
BRH:0
end_of_record
TN:
SF:src/SLAYBase.sol
DA:33,877
FN:33,SLAYBase.constructor
FNDA:877,SLAYBase.constructor
DA:34,877
DA:44,701
FN:44,SLAYBase.initialize
FNDA:701,SLAYBase.initialize
DA:45,701
DA:46,701
DA:47,701
DA:48,701
DA:58,692
FN:58,SLAYBase._authorizeUpgrade
FNDA:692,SLAYBase._authorizeUpgrade
DA:65,23
FN:65,SLAYBase.pause
FNDA:23,SLAYBase.pause
DA:66,20
DA:75,6
FN:75,SLAYBase.unpause
FNDA:6,SLAYBase.unpause
DA:76,3
FNF:5
FNH:5
LF:12
LH:12
BRF:0
BRH:0
end_of_record
TN:
SF:src/SLAYRegistryV2.sol
DA:65,34
FN:65,SLAYRegistryV2.onlyService
FNDA:34,SLAYRegistryV2.onlyService
DA:66,34
BRDA:66,0,0,1
DA:67,1
DA:76,35
FN:76,SLAYRegistryV2.onlyOperator
FNDA:35,SLAYRegistryV2.onlyOperator
DA:77,35
BRDA:77,1,0,1
DA:78,1
DA:95,172
FN:95,SLAYRegistryV2.constructor
FNDA:172,SLAYRegistryV2.constructor
DA:96,172
DA:97,172
DA:113,172
FN:113,SLAYRegistryV2.initialize2
FNDA:172,SLAYRegistryV2.initialize2
DA:115,172
DA:117,172
DA:118,172
DA:120,172
DA:124,80
FN:124,SLAYRegistryV2.registerAsService
FNDA:80,SLAYRegistryV2.registerAsService
DA:125,79
DA:126,79
DA:128,79
BRDA:128,2,0,1
BRDA:128,2,1,78
DA:129,78
DA:130,78
DA:131,78
DA:135,141
FN:135,SLAYRegistryV2.registerAsOperator
FNDA:141,SLAYRegistryV2.registerAsOperator
DA:136,140
DA:137,140
DA:139,140
BRDA:139,3,0,1
BRDA:139,3,1,139
DA:140,139
DA:142,139
DA:143,139
DA:144,139
DA:148,4
FN:148,SLAYRegistryV2.updateMetadata
FNDA:4,SLAYRegistryV2.updateMetadata
DA:149,3
DA:151,3
BRDA:151,4,0,1
BRDA:151,4,1,2
DA:153,2
DA:157,85
FN:157,SLAYRegistryV2.registerOperatorToService
FNDA:85,SLAYRegistryV2.registerOperatorToService
DA:163,83
DA:164,83
DA:166,83
BRDA:166,5,0,1
BRDA:166,5,1,32
DA:167,1
DA:168,82
BRDA:168,6,0,5
BRDA:168,6,1,32
DA:169,5
DA:170,77
BRDA:170,7,0,45
BRDA:170,7,1,32
DA:171,45
DA:172,32
BRDA:172,8,0,32
BRDA:172,8,1,32
DA:173,32
DA:174,32
DA:175,32
DA:178,0
DA:180,76
DA:184,3
FN:184,SLAYRegistryV2.deregisterOperatorFromService
FNDA:3,SLAYRegistryV2.deregisterOperatorFromService
DA:190,3
DA:191,3
DA:193,3
BRDA:193,9,0,1
DA:194,1
DA:197,2
DA:203,81
FN:203,SLAYRegistryV2.registerServiceToOperator
FNDA:81,SLAYRegistryV2.registerServiceToOperator
DA:209,79
DA:210,79
DA:212,79
BRDA:212,10,0,1
BRDA:212,10,1,43
DA:213,1
DA:214,78
BRDA:214,11,0,2
BRDA:214,11,1,43
DA:215,2
DA:216,76
BRDA:216,12,0,33
BRDA:216,12,1,43
DA:217,33
DA:218,43
BRDA:218,13,0,43
BRDA:218,13,1,43
DA:219,43
DA:220,43
DA:221,43
DA:224,0
DA:226,75
DA:230,3
FN:230,SLAYRegistryV2.deregisterServiceFromOperator
FNDA:3,SLAYRegistryV2.deregisterServiceFromOperator
DA:236,3
DA:237,3
DA:239,3
BRDA:239,14,0,1
DA:240,1
DA:243,2
DA:249,22
FN:249,SLAYRegistryV2.getRelationshipStatus
FNDA:22,SLAYRegistryV2.getRelationshipStatus
DA:255,22
DA:256,22
DA:260,10
FN:260,SLAYRegistryV2.getRelationshipStatusAt
FNDA:10,SLAYRegistryV2.getRelationshipStatusAt
DA:266,10
DA:267,10
DA:271,1146
FN:271,SLAYRegistryV2.isOperator
FNDA:1146,SLAYRegistryV2.isOperator
DA:272,1146
DA:276,563
FN:276,SLAYRegistryV2.isService
FNDA:563,SLAYRegistryV2.isService
DA:277,563
DA:281,35
FN:281,SLAYRegistryV2.setWithdrawalDelay
FNDA:35,SLAYRegistryV2.setWithdrawalDelay
DA:282,34
BRDA:282,15,0,2
BRDA:282,15,1,32
DA:283,32
DA:286,32
DA:287,32
DA:288,32
DA:289,16
BRDA:289,16,0,1
BRDA:289,16,1,15
DA:296,15
DA:301,31
DA:303,31
DA:307,55
FN:307,SLAYRegistryV2.getWithdrawalDelay
FNDA:55,SLAYRegistryV2.getWithdrawalDelay
DA:308,55
DA:312,34
FN:312,SLAYRegistryV2.enableSlashing
FNDA:34,SLAYRegistryV2.enableSlashing
DA:318,32
BRDA:318,17,0,1
BRDA:318,17,1,31
DA:319,31
BRDA:319,18,0,2
BRDA:319,18,1,29
DA:320,29
BRDA:320,19,0,1
BRDA:320,19,1,28
DA:322,28
DA:323,28
BRDA:323,20,0,-
BRDA:323,20,1,28
DA:324,28
DA:326,28
DA:327,28
DA:328,28
DA:329,28
DA:333,3
FN:333,SLAYRegistryV2.disableSlashing
FNDA:3,SLAYRegistryV2.disableSlashing
DA:334,1
DA:335,1
DA:337,1
DA:338,1
DA:342,15
FN:342,SLAYRegistryV2.approveSlashingFor
FNDA:15,SLAYRegistryV2.approveSlashingFor
DA:343,13
DA:344,13
DA:346,13
BRDA:346,21,0,2
BRDA:346,21,1,11
DA:348,11
DA:349,11
BRDA:349,22,0,8
BRDA:349,22,1,3
DA:350,3
DA:351,3
DA:355,3
FN:355,SLAYRegistryV2.getSlashParameter
FNDA:3,SLAYRegistryV2.getSlashParameter
DA:356,3
DA:357,3
BRDA:357,23,0,1
BRDA:357,23,1,2
DA:358,2
DA:362,28
FN:362,SLAYRegistryV2.getSlashParameterAt
FNDA:28,SLAYRegistryV2.getSlashParameterAt
DA:368,28
DA:369,28
BRDA:369,24,0,1
BRDA:369,24,1,27
DA:370,27
DA:382,38
FN:382,SLAYRegistryV2._getRelationshipObjectAt
FNDA:38,SLAYRegistryV2._getRelationshipObjectAt
DA:387,38
DA:388,38
DA:399,203
FN:399,SLAYRegistryV2._getRelationshipObject
FNDA:203,SLAYRegistryV2._getRelationshipObject
DA:404,203
DA:405,203
DA:425,158
FN:425,SLAYRegistryV2._updateRelationshipObject
FNDA:158,SLAYRegistryV2._updateRelationshipObject
DA:429,154
DA:430,154
DA:434,154
BRDA:434,25,0,76
BRDA:434,25,1,78
DA:435,76
BRDA:435,26,0,1
DA:436,1
DA:438,75
BRDA:438,27,0,1
DA:439,1
DA:442,74
DA:443,74
DA:444,78
BRDA:444,28,0,2
DA:445,2
DA:446,2
DA:449,152
DA:453,3
FN:453,SLAYRegistryV2.setMaxActiveRelationshipsForService
FNDA:3,SLAYRegistryV2.setMaxActiveRelationshipsForService
DA:454,3
BRDA:454,29,0,1
BRDA:454,29,1,2
DA:455,2
DA:456,2
BRDA:456,30,0,1
BRDA:456,30,1,1
DA:457,1
DA:458,1
DA:462,3
FN:462,SLAYRegistryV2.setMaxActiveRelationshipsForOperator
FNDA:3,SLAYRegistryV2.setMaxActiveRelationshipsForOperator
DA:463,3
BRDA:463,31,0,1
BRDA:463,31,1,2
DA:464,2
DA:465,2
BRDA:465,32,0,1
BRDA:465,32,1,1
DA:466,1
DA:467,1
DA:471,1
FN:471,SLAYRegistryV2.getMaxActiveRelationshipsForService
FNDA:1,SLAYRegistryV2.getMaxActiveRelationshipsForService
DA:472,1
DA:476,1
FN:476,SLAYRegistryV2.getMaxActiveRelationshipsForOperator
FNDA:1,SLAYRegistryV2.getMaxActiveRelationshipsForOperator
DA:477,1
DA:481,17
FN:481,SLAYRegistryV2.setMinWithdrawalDelay
FNDA:17,SLAYRegistryV2.setMinWithdrawalDelay
DA:482,17
BRDA:482,33,0,1
BRDA:482,33,1,16
DA:483,16
DA:486,16
DA:487,16
DA:488,16
DA:489,8
BRDA:489,34,0,2
BRDA:489,34,1,6
DA:496,6
DA:501,14
DA:503,14
DA:507,2
FN:507,SLAYRegistryV2.getMinWithdrawalDelay
FNDA:2,SLAYRegistryV2.getMinWithdrawalDelay
DA:508,2
DA:512,2
FN:512,SLAYRegistryV2.setDefaultWithdrawalDelay
FNDA:2,SLAYRegistryV2.setDefaultWithdrawalDelay
DA:513,2
BRDA:513,35,0,1
BRDA:513,35,1,1
DA:515,1
DA:516,1
DA:517,1
DA:521,2
FN:521,SLAYRegistryV2.getActiveOperatorCount
FNDA:2,SLAYRegistryV2.getActiveOperatorCount
DA:522,2
DA:526,2
FN:526,SLAYRegistryV2.getActiveServiceCount
FNDA:2,SLAYRegistryV2.getActiveServiceCount
DA:527,2
DA:531,75
FN:531,SLAYRegistryV2._validateWithdrawalDelay
FNDA:75,SLAYRegistryV2._validateWithdrawalDelay
DA:532,75
DA:533,75
DA:536,75
BRDA:536,36,0,2
DA:537,2
FNF:35
FNH:35
LF:191
LH:189
BRF:66
BRH:65
end_of_record
TN:
SF:src/SLAYRewardsV2.sol
DA:48,172
FN:48,SLAYRewardsV2.constructor
FNDA:172,SLAYRewardsV2.constructor
DA:49,172
DA:53,3
FN:53,SLAYRewardsV2.getDistributionRoots
FNDA:3,SLAYRewardsV2.getDistributionRoots
DA:54,3
DA:58,1
FN:58,SLAYRewardsV2.getBalance
FNDA:1,SLAYRewardsV2.getBalance
DA:59,1
DA:63,5
FN:63,SLAYRewardsV2.getClaimedRewards
FNDA:5,SLAYRewardsV2.getClaimedRewards
DA:64,5
DA:68,11
FN:68,SLAYRewardsV2.distributeRewards
FNDA:11,SLAYRewardsV2.distributeRewards
DA:69,11
BRDA:69,0,0,1
BRDA:69,0,1,10
DA:70,10
BRDA:70,1,0,1
BRDA:70,1,1,9
DA:72,9
DA:74,9
BRDA:74,2,0,9
DA:79,9
DA:83,7
DA:87,7
DA:88,7
DA:89,7
DA:91,7
DA:95,9
FN:95,SLAYRewardsV2.claimRewards
FNDA:9,SLAYRewardsV2.claimRewards
DA:96,9
BRDA:96,3,0,-
BRDA:96,3,1,9
DA:97,9
BRDA:97,4,0,-
BRDA:97,4,1,9
DA:98,9
BRDA:98,5,0,1
BRDA:98,5,1,8
DA:101,8
DA:102,8
BRDA:102,6,0,1
DA:103,1
DA:106,7
DA:108,7
DA:111,7
BRDA:111,7,0,1
DA:112,1
DA:115,6
DA:119,6
DA:123,6
DA:124,6
BRDA:124,8,0,-
DA:125,0
DA:130,6
DA:133,0
BRDA:133,9,0,-
DA:134,0
DA:140,6
DA:144,6
DA:148,6
DA:150,6
DA:163,6
FN:163,SLAYRewardsV2._verifyMerkleProof
FNDA:6,SLAYRewardsV2._verifyMerkleProof
DA:171,6
DA:172,6
DA:189,6
FN:189,SLAYRewardsV2._leafHash
FNDA:6,SLAYRewardsV2._leafHash
DA:190,6
DA:191,6
DA:196,6
FNF:8
FNH:8
LF:49
LH:46
BRF:15
BRH:11
end_of_record
TN:
SF:src/SLAYRouterV2.sol
DA:110,15
FN:110,SLAYRouterV2.onlyService
FNDA:15,SLAYRouterV2.onlyService
DA:111,15
BRDA:111,0,0,1
DA:112,1
DA:132,173
FN:132,SLAYRouterV2.constructor
FNDA:173,SLAYRouterV2.constructor
DA:133,173
DA:134,173
DA:144,1
FN:144,SLAYRouterV2.initializeAll
FNDA:1,SLAYRouterV2.initializeAll
DA:145,1
DA:146,1
DA:156,172
FN:156,SLAYRouterV2.initialize2
FNDA:172,SLAYRouterV2.initialize2
DA:157,173
DA:158,173
DA:162,5
FN:162,SLAYRouterV2.getMaxVaultsPerOperator
FNDA:5,SLAYRouterV2.getMaxVaultsPerOperator
DA:163,5
DA:167,4
FN:167,SLAYRouterV2.setMaxVaultsPerOperator
FNDA:4,SLAYRouterV2.setMaxVaultsPerOperator
DA:168,3
DA:169,3
BRDA:169,1,0,1
BRDA:169,1,1,2
DA:170,2
DA:171,2
DA:175,878
FN:175,SLAYRouterV2.setVaultWhitelist
FNDA:878,SLAYRouterV2.setVaultWhitelist
DA:176,877
BRDA:176,2,0,1
BRDA:176,2,1,876
DA:179,876
DA:180,875
DA:182,872
BRDA:182,3,0,872
BRDA:182,3,1,870
DA:183,872
BRDA:183,4,0,2
BRDA:183,4,1,870
DA:185,870
DA:187,3
DA:190,873
DA:191,873
DA:195,10753
FN:195,SLAYRouterV2.isVaultWhitelisted
FNDA:10753,SLAYRouterV2.isVaultWhitelisted
DA:196,10753
DA:200,5
FN:200,SLAYRouterV2.setGuardrail
FNDA:5,SLAYRouterV2.setGuardrail
DA:201,5
BRDA:201,5,0,1
BRDA:201,5,1,4
DA:202,4
DA:203,4
DA:204,4
DA:208,14
FN:208,SLAYRouterV2.getPendingSlashingRequest
FNDA:14,SLAYRouterV2.getPendingSlashingRequest
DA:215,14
DA:216,14
DA:220,0
FN:220,SLAYRouterV2.getPendingSlashingRequestId
FNDA:0,SLAYRouterV2.getPendingSlashingRequestId
DA:222,0
DA:226,3
FN:226,SLAYRouterV2.getSlashingRequest
FNDA:3,SLAYRouterV2.getSlashingRequest
DA:234,3
DA:238,23
FN:238,SLAYRouterV2.requestSlashing
FNDA:23,SLAYRouterV2.requestSlashing
DA:245,22
BRDA:245,6,0,1
BRDA:245,6,1,21
DA:246,21
BRDA:246,7,0,2
BRDA:246,7,1,19
DA:247,19
BRDA:247,8,0,1
BRDA:247,8,1,18
DA:249,18
DA:250,18
DA:251,18
DA:253,18
BRDA:253,9,0,1
BRDA:253,9,1,17
DA:254,17
BRDA:254,10,0,1
BRDA:254,10,1,16
DA:258,16
DA:259,16
BRDA:259,11,0,1
DA:260,1
DA:262,1
BRDA:262,12,0,-
DA:263,0
DA:266,1
BRDA:266,13,0,1
DA:267,1
BRDA:267,14,0,1
BRDA:267,14,1,-
DA:269,1
DA:274,0
DA:275,0
DA:280,15
DA:281,15
DA:292,15
DA:293,15
DA:294,15
DA:295,15
DA:296,15
DA:300,15
FN:300,SLAYRouterV2.lockSlashing
FNDA:15,SLAYRouterV2.lockSlashing
DA:301,14
DA:303,14
BRDA:303,15,0,1
DA:304,1
DA:308,13
BRDA:308,16,0,1
DA:309,1
DA:313,12
BRDA:313,17,0,1
DA:314,1
DA:318,11
BRDA:318,18,0,1
DA:319,1
DA:323,10
DA:326,10
DA:327,10
DA:328,10
DA:329,17
DA:330,17
DA:333,17
DA:334,17
BRDA:334,19,0,15
DA:336,15
DA:339,15
DA:346,17
DA:350,10
DA:354,5
FN:354,SLAYRouterV2.getLockedAssets
FNDA:5,SLAYRouterV2.getLockedAssets
DA:360,5
DA:364,8
FN:364,SLAYRouterV2.finalizeSlashing
FNDA:8,SLAYRouterV2.finalizeSlashing
DA:365,7
DA:367,7
BRDA:367,20,0,1
DA:368,1
DA:372,6
BRDA:372,21,0,2
DA:373,2
DA:377,4
BRDA:377,22,0,2
DA:378,2
DA:382,2
DA:385,2
DA:386,2
DA:389,2
DA:390,2
DA:391,2
DA:392,2
DA:393,2
DA:394,2
DA:397,2
DA:401,2
DA:405,2
DA:408,2
DA:410,2
DA:416,3
FN:416,SLAYRouterV2.cancelSlashing
FNDA:3,SLAYRouterV2.cancelSlashing
DA:417,3
DA:419,3
DA:420,3
BRDA:420,23,0,1
DA:422,2
BRDA:422,24,0,1
DA:423,1
DA:426,1
DA:427,1
DA:428,1
DA:432,9
FN:432,SLAYRouterV2.guardrailApprove
FNDA:9,SLAYRouterV2.guardrailApprove
DA:434,9
BRDA:434,25,0,2
DA:435,2
DA:440,7
DA:441,7
BRDA:441,26,0,1
DA:442,1
DA:446,6
BRDA:446,27,0,2
DA:447,2
DA:451,4
DA:453,4
FNF:18
FNH:17
LF:134
LH:129
BRF:39
BRH:37
end_of_record
TN:
SF:src/SLAYVaultFactoryV2.sol
DA:43,885
FN:43,SLAYVaultFactoryV2.onlyOperator
FNDA:885,SLAYVaultFactoryV2.onlyOperator
DA:44,885
DA:56,173
FN:56,SLAYVaultFactoryV2.constructor
FNDA:173,SLAYVaultFactoryV2.constructor
DA:57,173
DA:58,173
DA:59,173
DA:68,889
FN:68,SLAYVaultFactoryV2._checkOperator
FNDA:889,SLAYVaultFactoryV2._checkOperator
DA:69,889
BRDA:69,0,0,2
DA:70,2
DA:75,887
FN:75,SLAYVaultFactoryV2.create
FNDA:887,SLAYVaultFactoryV2.create
DA:76,884
DA:77,884
DA:78,884
DA:80,884
DA:81,884
DA:82,884
DA:86,6
FN:86,SLAYVaultFactoryV2.create
FNDA:6,SLAYVaultFactoryV2.create
DA:92,4
DA:94,3
DA:95,3
DA:96,3
FNF:5
FNH:5
LF:21
LH:21
BRF:1
BRH:1
end_of_record
TN:
SF:src/SLAYVaultV2.sol
DA:88,14
FN:88,SLAYVaultV2.onlyControllerOrOperator
FNDA:14,SLAYVaultV2.onlyControllerOrOperator
DA:89,14
DA:90,14
BRDA:90,0,0,-
DA:91,0
DA:100,15
FN:100,SLAYVaultV2.whenNotPaused
FNDA:15,SLAYVaultV2.whenNotPaused
DA:101,15
DA:109,10725
FN:109,SLAYVaultV2.onlyWhitelisted
FNDA:10725,SLAYVaultV2.onlyWhitelisted
DA:110,10725
DA:121,172
FN:121,SLAYVaultV2.constructor
FNDA:172,SLAYVaultV2.constructor
DA:122,172
DA:123,172
DA:124,172
DA:137,887
FN:137,SLAYVaultV2.initialize
FNDA:887,SLAYVaultV2.initialize
DA:141,887
BRDA:141,1,0,-
BRDA:141,1,1,887
DA:143,887
DA:144,887
DA:145,887
DA:146,887
DA:150,883
FN:150,SLAYVaultV2.delegated
FNDA:883,SLAYVaultV2.delegated
DA:151,883
DA:155,53
FN:155,SLAYVaultV2.decimals
FNDA:53,SLAYVaultV2.decimals
DA:156,53
DA:170,10726
FN:170,SLAYVaultV2._update
FNDA:10726,SLAYVaultV2._update
DA:171,10724
DA:177,10759
FN:177,SLAYVaultV2._requireNotPaused
FNDA:10759,SLAYVaultV2._requireNotPaused
DA:178,10759
BRDA:178,2,0,1
DA:179,1
DA:186,10725
FN:186,SLAYVaultV2._requireWhitelisted
FNDA:10725,SLAYVaultV2._requireWhitelisted
DA:187,10725
BRDA:187,3,0,1
DA:188,1
DA:193,14
FN:193,SLAYVaultV2.totalActiveStaked
FNDA:14,SLAYVaultV2.totalActiveStaked
DA:194,14
DA:204,7
FN:204,SLAYVaultV2.supportsInterface
FNDA:7,SLAYVaultV2.supportsInterface
DA:205,7
DA:206,5
DA:207,3
DA:208,1
DA:220,42
FN:220,SLAYVaultV2.requestRedeem
FNDA:42,SLAYVaultV2.requestRedeem
DA:225,42
DA:227,42
BRDA:227,4,0,1
DA:228,1
DA:232,41
BRDA:232,5,0,9
DA:233,9
DA:237,37
BRDA:237,6,0,2
DA:238,2
DA:241,35
DA:244,35
DA:247,35
DA:248,35
DA:251,35
DA:252,35
DA:253,35
DA:257,17
FN:257,SLAYVaultV2.pendingRedeemRequest
FNDA:17,SLAYVaultV2.pendingRedeemRequest
DA:258,17
DA:259,17
BRDA:259,7,0,11
DA:260,11
DA:262,6
DA:266,11
FN:266,SLAYVaultV2.claimableRedeemRequest
FNDA:11,SLAYVaultV2.claimableRedeemRequest
DA:272,11
DA:273,11
BRDA:273,8,0,5
DA:274,5
DA:276,6
DA:290,15
FN:290,SLAYVaultV2.setOperator
FNDA:15,SLAYVaultV2.setOperator
DA:291,15
BRDA:291,9,0,-
BRDA:291,9,1,15
DA:293,15
DA:294,15
DA:295,15
DA:296,15
DA:306,6
FN:306,SLAYVaultV2.isOperator
FNDA:6,SLAYVaultV2.isOperator
DA:307,6
DA:320,14
FN:320,SLAYVaultV2.withdraw
FNDA:14,SLAYVaultV2.withdraw
DA:327,14
BRDA:327,10,0,1
DA:328,1
DA:331,13
DA:332,13
BRDA:332,11,0,1
DA:333,1
DA:335,12
BRDA:335,12,0,1
DA:336,1
DA:339,11
DA:340,11
DA:343,11
BRDA:343,13,0,1
DA:344,1
DA:347,10
BRDA:347,14,0,1
DA:348,1
DA:352,9
DA:361,12
FN:361,SLAYVaultV2.redeem
FNDA:12,SLAYVaultV2.redeem
DA:368,11
BRDA:368,15,0,1
DA:369,1
DA:372,10
DA:373,10
BRDA:373,16,0,1
DA:374,1
DA:376,9
BRDA:376,17,0,1
DA:377,1
DA:381,8
BRDA:381,18,0,1
DA:382,1
DA:385,7
BRDA:385,19,0,1
DA:386,1
DA:390,6
DA:393,6
DA:402,15
FN:402,SLAYVaultV2._withdraw
FNDA:15,SLAYVaultV2._withdraw
DA:408,15
DA:411,15
DA:414,15
DA:416,15
DA:420,10
FN:420,SLAYVaultV2.maxWithdraw
FNDA:10,SLAYVaultV2.maxWithdraw
DA:427,10
DA:428,10
BRDA:428,20,0,9
DA:429,9
DA:431,1
DA:435,3
FN:435,SLAYVaultV2.maxRedeem
FNDA:3,SLAYVaultV2.maxRedeem
DA:442,3
DA:443,3
BRDA:443,21,0,2
DA:444,2
DA:446,1
DA:454,1
FN:454,SLAYVaultV2.previewWithdraw
FNDA:1,SLAYVaultV2.previewWithdraw
DA:455,1
DA:463,1
FN:463,SLAYVaultV2.previewRedeem
FNDA:1,SLAYVaultV2.previewRedeem
DA:464,1
DA:468,18
FN:468,SLAYVaultV2.lockSlashing
FNDA:18,SLAYVaultV2.lockSlashing
DA:470,18
BRDA:470,22,0,1
DA:471,1
DA:474,17
DA:476,16
FNF:25
FNH:25
LF:123
LH:122
BRF:25
BRH:22
end_of_record
TN:
SF:src/interface/ISLAYRouterSlashingV2.sol
DA:342,16
FN:342,SlashingRequestId.hash
FNDA:16,SlashingRequestId.hash
DA:347,16
FNF:1
FNH:1
LF:2
LH:2
BRF:0
BRH:0
end_of_record
